INFORMATION: NPCs = 3ms PCs = 99ms [Sa Jun 24 18:21:11 MESZ 2017]
INFORMATION: Apply  [Sa Jun 24 18:21:11 MESZ 2017]
INFORMATION: 1051. turn [Sa Jun 24 18:21:11 MESZ 2017]
INFORMATION: Apply  [Sa Jun 24 18:21:11 MESZ 2017]
INFORMATION: Apply  [Sa Jun 24 18:21:11 MESZ 2017]
INFORMATION: Apply  [Sa Jun 24 18:21:11 MESZ 2017]
INFORMATION: Apply  [Sa Jun 24 18:21:11 MESZ 2017]
INFORMATION: Apply  [Sa Jun 24 18:21:11 MESZ 2017]
INFORMATION: Apply Move [Sa Jun 24 18:21:11 MESZ 2017]
INFORMATION: 	getEntityAt XY [x=70, y=27] Entity [id=-1, type=, position=null, energy=0] [Sa Jun 24 18:21:11 MESZ 2017]
INFORMATION: 	move Entity [id=1842, type=GoodBeast, position=XY [x=69, y=28], energy=200] XY [x=70, y=27]  [Sa Jun 24 18:21:11 MESZ 2017]
INFORMATION: Apply  [Sa Jun 24 18:21:11 MESZ 2017]
INFORMATION: Apply  [Sa Jun 24 18:21:11 MESZ 2017]
INFORMATION: Apply  [Sa Jun 24 18:21:11 MESZ 2017]
INFORMATION: Apply  [Sa Jun 24 18:21:11 MESZ 2017]
INFORMATION: Apply  [Sa Jun 24 18:21:11 MESZ 2017]
INFORMATION: Apply  [Sa Jun 24 18:21:11 MESZ 2017]
INFORMATION: Apply  [Sa Jun 24 18:21:11 MESZ 2017]
INFORMATION: Apply Move [Sa Jun 24 18:21:11 MESZ 2017]
INFORMATION: 	getEntityAt XY [x=29, y=48] Entity [id=-1, type=, position=null, energy=0] [Sa Jun 24 18:21:11 MESZ 2017]
INFORMATION: 	move Entity [id=1848, type=GoodBeast, position=XY [x=29, y=47], energy=200] XY [x=29, y=48]  [Sa Jun 24 18:21:11 MESZ 2017]
INFORMATION: Apply  [Sa Jun 24 18:21:11 MESZ 2017]
INFORMATION: Apply  [Sa Jun 24 18:21:11 MESZ 2017]
WARNUNG: FullFieldException of mini nextStep [Sa Jun 24 18:21:11 MESZ 2017]
WARNUNG: Position: XY [x=67, y=40] [Sa Jun 24 18:21:11 MESZ 2017]
INFORMATION: 	Update energy of Entity [id=1969, type=MiniSquirrelBot, position=XY [x=77, y=37], energy=2748] from 2749 to 2748 [Sa Jun 24 18:21:11 MESZ 2017]
INFORMATION: Apply Move [Sa Jun 24 18:21:11 MESZ 2017]
INFORMATION: 	getEntityAt XY [x=27, y=41] Entity [id=-1, type=, position=null, energy=0] [Sa Jun 24 18:21:11 MESZ 2017]
INFORMATION: 	Update energy of Entity [id=1976, type=MiniSquirrelBot, position=XY [x=59, y=47], energy=1578] from 1579 to 1578 [Sa Jun 24 18:21:11 MESZ 2017]
WARNUNG: Destination: XY [x=61, y=46] [Sa Jun 24 18:21:11 MESZ 2017]
INFORMATION: 	Update energy of Entity [id=1985, type=MiniSquirrelBot, position=XY [x=67, y=40], energy=896] from 897 to 896 [Sa Jun 24 18:21:11 MESZ 2017]
INFORMATION: 	move Entity [id=1, type=MasterSquirrelBot, position=XY [x=27, y=40], energy=0] XY [x=27, y=41]  [Sa Jun 24 18:21:11 MESZ 2017]
INFORMATION: 	Update energy of Entity [id=1921, type=MiniSquirrelBot, position=XY [x=76, y=32], energy=5052] from 5053 to 5052 [Sa Jun 24 18:21:11 MESZ 2017]
INFORMATION: Apply Move [Sa Jun 24 18:21:11 MESZ 2017]
INFORMATION: 	getEntityAt XY [x=76, y=36] Entity [id=-1, type=, position=null, energy=0] [Sa Jun 24 18:21:11 MESZ 2017]
INFORMATION: 	move Entity [id=1969, type=MiniSquirrelBot, position=XY [x=77, y=37], energy=2748] XY [x=76, y=36]  [Sa Jun 24 18:21:11 MESZ 2017]
INFORMATION: Apply Move [Sa Jun 24 18:21:11 MESZ 2017]
INFORMATION: 	getEntityAt XY [x=58, y=47] Entity [id=-1, type=, position=null, energy=0] [Sa Jun 24 18:21:11 MESZ 2017]
INFORMATION: 	Update energy of Entity [id=1919, type=MiniSquirrelBot, position=XY [x=60, y=53], energy=3160] from 3161 to 3160 [Sa Jun 24 18:21:11 MESZ 2017]
INFORMATION: 	move Entity [id=1976, type=MiniSquirrelBot, position=XY [x=59, y=47], energy=1578] XY [x=58, y=47]  [Sa Jun 24 18:21:11 MESZ 2017]
INFORMATION: 	Update energy of Entity [id=1975, type=MiniSquirrelBot, position=XY [x=52, y=32], energy=476] from 477 to 476 [Sa Jun 24 18:21:11 MESZ 2017]
INFORMATION: Apply Move [Sa Jun 24 18:21:11 MESZ 2017]
INFORMATION: 	Update energy of Entity [id=1973, type=MiniSquirrelBot, position=XY [x=65, y=32], energy=772] from 773 to 772 [Sa Jun 24 18:21:11 MESZ 2017]
INFORMATION: 	getEntityAt XY [x=77, y=31] Entity [id=-1, type=, position=null, energy=0] [Sa Jun 24 18:21:11 MESZ 2017]
INFORMATION: 	move Entity [id=1921, type=MiniSquirrelBot, position=XY [x=76, y=32], energy=5052] XY [x=77, y=31]  [Sa Jun 24 18:21:11 MESZ 2017]
INFORMATION: Apply Move [Sa Jun 24 18:21:11 MESZ 2017]
INFORMATION: 	getEntityAt XY [x=59, y=53] Entity [id=-1, type=, position=null, energy=0] [Sa Jun 24 18:21:11 MESZ 2017]
INFORMATION: 	move Entity [id=1919, type=MiniSquirrelBot, position=XY [x=60, y=53], energy=3160] XY [x=59, y=53]  [Sa Jun 24 18:21:11 MESZ 2017]
INFORMATION: Apply Move [Sa Jun 24 18:21:11 MESZ 2017]
INFORMATION: 	getEntityAt XY [x=52, y=33] Entity [id=-1, type=, position=null, energy=0] [Sa Jun 24 18:21:11 MESZ 2017]
INFORMATION: 	move Entity [id=1975, type=MiniSquirrelBot, position=XY [x=52, y=32], energy=476] XY [x=52, y=33]  [Sa Jun 24 18:21:11 MESZ 2017]
INFORMATION: Apply Move [Sa Jun 24 18:21:11 MESZ 2017]
INFORMATION: 	getEntityAt XY [x=64, y=32] Entity [id=-1, type=, position=null, energy=0] [Sa Jun 24 18:21:11 MESZ 2017]
INFORMATION: 	move Entity [id=1973, type=MiniSquirrelBot, position=XY [x=65, y=32], energy=772] XY [x=64, y=32]  [Sa Jun 24 18:21:11 MESZ 2017]
INFORMATION: Apply  [Sa Jun 24 18:21:11 MESZ 2017]
INFORMATION: Apply  [Sa Jun 24 18:21:11 MESZ 2017]
INFORMATION: Apply  [Sa Jun 24 18:21:11 MESZ 2017]
INFORMATION: Apply  [Sa Jun 24 18:21:11 MESZ 2017]
INFORMATION: Apply  [Sa Jun 24 18:21:11 MESZ 2017]
INFORMATION: Apply  [Sa Jun 24 18:21:11 MESZ 2017]
INFORMATION: Apply  [Sa Jun 24 18:21:11 MESZ 2017]
INFORMATION: Apply  [Sa Jun 24 18:21:11 MESZ 2017]
INFORMATION: Apply  [Sa Jun 24 18:21:11 MESZ 2017]
INFORMATION: Apply  [Sa Jun 24 18:21:11 MESZ 2017]
INFORMATION: Apply Move [Sa Jun 24 18:21:11 MESZ 2017]
INFORMATION: 	getEntityAt XY [x=77, y=29] Entity [id=-1, type=, position=null, energy=0] [Sa Jun 24 18:21:11 MESZ 2017]
INFORMATION: 	move Entity [id=1771, type=BadBeast, position=XY [x=77, y=28], energy=-150] XY [x=77, y=29]  [Sa Jun 24 18:21:11 MESZ 2017]
INFORMATION: Apply  [Sa Jun 24 18:21:11 MESZ 2017]
INFORMATION: Apply  [Sa Jun 24 18:21:11 MESZ 2017]
INFORMATION: Apply  [Sa Jun 24 18:21:11 MESZ 2017]
INFORMATION: Apply  [Sa Jun 24 18:21:11 MESZ 2017]
INFORMATION: Apply  [Sa Jun 24 18:21:11 MESZ 2017]
INFORMATION: Apply  [Sa Jun 24 18:21:11 MESZ 2017]
INFORMATION: Apply  [Sa Jun 24 18:21:11 MESZ 2017]
INFORMATION: Apply  [Sa Jun 24 18:21:11 MESZ 2017]
INFORMATION: Apply  [Sa Jun 24 18:21:11 MESZ 2017]
INFORMATION: Apply  [Sa Jun 24 18:21:11 MESZ 2017]
INFORMATION: Apply Move [Sa Jun 24 18:21:11 MESZ 2017]
INFORMATION: 	getEntityAt XY [x=42, y=57] Entity [id=979, type=Wall, position=XY [x=42, y=57], energy=-10] [Sa Jun 24 18:21:11 MESZ 2017]
INFORMATION: Apply Collision [Sa Jun 24 18:21:11 MESZ 2017]
INFORMATION: Apply  [Sa Jun 24 18:21:11 MESZ 2017]
INFORMATION: Apply  [Sa Jun 24 18:21:11 MESZ 2017]
INFORMATION: Apply  [Sa Jun 24 18:21:11 MESZ 2017]
INFORMATION: Apply  [Sa Jun 24 18:21:11 MESZ 2017]
INFORMATION: Apply  [Sa Jun 24 18:21:11 MESZ 2017]
INFORMATION: Apply Move [Sa Jun 24 18:21:11 MESZ 2017]
INFORMATION: 	getEntityAt XY [x=62, y=36] Entity [id=-1, type=, position=null, energy=0] [Sa Jun 24 18:21:11 MESZ 2017]
INFORMATION: 	move Entity [id=1755, type=BadBeast, position=XY [x=61, y=37], energy=-150] XY [x=62, y=36]  [Sa Jun 24 18:21:11 MESZ 2017]
INFORMATION: Apply  [Sa Jun 24 18:21:11 MESZ 2017]
INFORMATION: Apply  [Sa Jun 24 18:21:11 MESZ 2017]
INFORMATION: Apply  [Sa Jun 24 18:21:11 MESZ 2017]
INFORMATION: Apply  [Sa Jun 24 18:21:11 MESZ 2017]
INFORMATION: Apply  [Sa Jun 24 18:21:11 MESZ 2017]
INFORMATION: Apply  [Sa Jun 24 18:21:11 MESZ 2017]
INFORMATION: Apply  [Sa Jun 24 18:21:11 MESZ 2017]
INFORMATION: Apply  [Sa Jun 24 18:21:11 MESZ 2017]
INFORMATION: Apply  [Sa Jun 24 18:21:11 MESZ 2017]
INFORMATION: Apply  [Sa Jun 24 18:21:11 MESZ 2017]
INFORMATION: Apply  [Sa Jun 24 18:21:11 MESZ 2017]
INFORMATION: Apply  [Sa Jun 24 18:21:11 MESZ 2017]
INFORMATION: Apply  [Sa Jun 24 18:21:11 MESZ 2017]
INFORMATION: Apply  [Sa Jun 24 18:21:11 MESZ 2017]
INFORMATION: Apply  [Sa Jun 24 18:21:11 MESZ 2017]
INFORMATION: Apply  [Sa Jun 24 18:21:11 MESZ 2017]
INFORMATION: Apply  [Sa Jun 24 18:21:11 MESZ 2017]
INFORMATION: Apply  [Sa Jun 24 18:21:11 MESZ 2017]
INFORMATION: Apply  [Sa Jun 24 18:21:11 MESZ 2017]
INFORMATION: Apply  [Sa Jun 24 18:21:11 MESZ 2017]
INFORMATION: Apply  [Sa Jun 24 18:21:11 MESZ 2017]
INFORMATION: Apply  [Sa Jun 24 18:21:11 MESZ 2017]
INFORMATION: Apply  [Sa Jun 24 18:21:11 MESZ 2017]
INFORMATION: Apply  [Sa Jun 24 18:21:11 MESZ 2017]
INFORMATION: Apply  [Sa Jun 24 18:21:11 MESZ 2017]
INFORMATION: Apply  [Sa Jun 24 18:21:11 MESZ 2017]
INFORMATION: Apply  [Sa Jun 24 18:21:11 MESZ 2017]
INFORMATION: Apply  [Sa Jun 24 18:21:11 MESZ 2017]
INFORMATION: Apply  [Sa Jun 24 18:21:11 MESZ 2017]
INFORMATION: Apply  [Sa Jun 24 18:21:11 MESZ 2017]
INFORMATION: Apply  [Sa Jun 24 18:21:11 MESZ 2017]
INFORMATION: Apply  [Sa Jun 24 18:21:11 MESZ 2017]
INFORMATION: Apply  [Sa Jun 24 18:21:11 MESZ 2017]
INFORMATION: Apply  [Sa Jun 24 18:21:11 MESZ 2017]
INFORMATION: Apply  [Sa Jun 24 18:21:11 MESZ 2017]
INFORMATION: Apply  [Sa Jun 24 18:21:11 MESZ 2017]
INFORMATION: Apply  [Sa Jun 24 18:21:11 MESZ 2017]
INFORMATION: Apply  [Sa Jun 24 18:21:11 MESZ 2017]
INFORMATION: Apply  [Sa Jun 24 18:21:11 MESZ 2017]
INFORMATION: NPCs = 3ms PCs = 99ms [Sa Jun 24 18:21:11 MESZ 2017]
INFORMATION: 1052. turn [Sa Jun 24 18:21:11 MESZ 2017]
WARNUNG: FullFieldException of mini nextStep [Sa Jun 24 18:21:11 MESZ 2017]
WARNUNG: Position: XY [x=67, y=40] [Sa Jun 24 18:21:11 MESZ 2017]
WARNUNG: Destination: XY [x=61, y=46] [Sa Jun 24 18:21:11 MESZ 2017]
INFORMATION: 	Update energy of Entity [id=1985, type=MiniSquirrelBot, position=XY [x=67, y=40], energy=895] from 896 to 895 [Sa Jun 24 18:21:11 MESZ 2017]
INFORMATION: Apply Move [Sa Jun 24 18:21:11 MESZ 2017]
INFORMATION: 	getEntityAt XY [x=28, y=45] Entity [id=-1, type=, position=null, energy=0] [Sa Jun 24 18:21:11 MESZ 2017]
INFORMATION: 	Update energy of Entity [id=1921, type=MiniSquirrelBot, position=XY [x=77, y=31], energy=5051] from 5052 to 5051 [Sa Jun 24 18:21:11 MESZ 2017]
INFORMATION: 	move Entity [id=2, type=MasterSquirrelBot, position=XY [x=29, y=44], energy=755] XY [x=28, y=45]  [Sa Jun 24 18:21:11 MESZ 2017]
INFORMATION: 	Update energy of Entity [id=1976, type=MiniSquirrelBot, position=XY [x=58, y=47], energy=1577] from 1578 to 1577 [Sa Jun 24 18:21:11 MESZ 2017]
INFORMATION: 	Update energy of Entity [id=1969, type=MiniSquirrelBot, position=XY [x=76, y=36], energy=2747] from 2748 to 2747 [Sa Jun 24 18:21:11 MESZ 2017]
INFORMATION: Apply Move [Sa Jun 24 18:21:11 MESZ 2017]
INFORMATION: 	getEntityAt XY [x=78, y=31] Entity [id=-1, type=, position=null, energy=0] [Sa Jun 24 18:21:11 MESZ 2017]
INFORMATION: 	move Entity [id=1921, type=MiniSquirrelBot, position=XY [x=77, y=31], energy=5051] XY [x=78, y=31]  [Sa Jun 24 18:21:11 MESZ 2017]
INFORMATION: Apply Move [Sa Jun 24 18:21:11 MESZ 2017]
INFORMATION: 	getEntityAt XY [x=57, y=47] Entity [id=-1, type=, position=null, energy=0] [Sa Jun 24 18:21:11 MESZ 2017]
INFORMATION: 	Update energy of Entity [id=1975, type=MiniSquirrelBot, position=XY [x=52, y=33], energy=475] from 476 to 475 [Sa Jun 24 18:21:11 MESZ 2017]
INFORMATION: 	Update energy of Entity [id=1919, type=MiniSquirrelBot, position=XY [x=59, y=53], energy=3159] from 3160 to 3159 [Sa Jun 24 18:21:11 MESZ 2017]
INFORMATION: 	move Entity [id=1976, type=MiniSquirrelBot, position=XY [x=58, y=47], energy=1577] XY [x=57, y=47]  [Sa Jun 24 18:21:11 MESZ 2017]
INFORMATION: Apply Move [Sa Jun 24 18:21:11 MESZ 2017]
INFORMATION: 	getEntityAt XY [x=76, y=35] Entity [id=-1, type=, position=null, energy=0] [Sa Jun 24 18:21:11 MESZ 2017]
INFORMATION: 	move Entity [id=1969, type=MiniSquirrelBot, position=XY [x=76, y=36], energy=2747] XY [x=76, y=35]  [Sa Jun 24 18:21:11 MESZ 2017]
INFORMATION: Apply Move [Sa Jun 24 18:21:11 MESZ 2017]
INFORMATION: 	getEntityAt XY [x=52, y=32] Entity [id=-1, type=, position=null, energy=0] [Sa Jun 24 18:21:11 MESZ 2017]
INFORMATION: 	move Entity [id=1975, type=MiniSquirrelBot, position=XY [x=52, y=33], energy=475] XY [x=52, y=32]  [Sa Jun 24 18:21:11 MESZ 2017]
INFORMATION: Apply Move [Sa Jun 24 18:21:11 MESZ 2017]
INFORMATION: 	getEntityAt XY [x=58, y=53] Entity [id=-1, type=, position=null, energy=0] [Sa Jun 24 18:21:11 MESZ 2017]
INFORMATION: 	move Entity [id=1919, type=MiniSquirrelBot, position=XY [x=59, y=53], energy=3159] XY [x=58, y=53]  [Sa Jun 24 18:21:11 MESZ 2017]
INFORMATION: 	Update energy of Entity [id=1973, type=MiniSquirrelBot, position=XY [x=64, y=32], energy=771] from 772 to 771 [Sa Jun 24 18:21:11 MESZ 2017]
INFORMATION: Apply Move [Sa Jun 24 18:21:11 MESZ 2017]
INFORMATION: 	getEntityAt XY [x=65, y=32] Entity [id=-1, type=, position=null, energy=0] [Sa Jun 24 18:21:11 MESZ 2017]
INFORMATION: 	move Entity [id=1973, type=MiniSquirrelBot, position=XY [x=64, y=32], energy=771] XY [x=65, y=32]  [Sa Jun 24 18:21:11 MESZ 2017]
INFORMATION: Apply  [Sa Jun 24 18:21:11 MESZ 2017]
INFORMATION: Apply Move [Sa Jun 24 18:21:11 MESZ 2017]
INFORMATION: 	getEntityAt XY [x=63, y=35] Entity [id=1375, type=Wall, position=XY [x=63, y=35], energy=-10] [Sa Jun 24 18:21:11 MESZ 2017]
INFORMATION: Apply Collision [Sa Jun 24 18:21:11 MESZ 2017]
INFORMATION: Apply Move [Sa Jun 24 18:21:11 MESZ 2017]
INFORMATION: 	getEntityAt XY [x=57, y=49] Entity [id=-1, type=, position=null, energy=0] [Sa Jun 24 18:21:11 MESZ 2017]
INFORMATION: 	move Entity [id=1747, type=BadBeast, position=XY [x=57, y=50], energy=-150] XY [x=57, y=49]  [Sa Jun 24 18:21:11 MESZ 2017]
INFORMATION: Apply  [Sa Jun 24 18:21:11 MESZ 2017]
INFORMATION: Apply  [Sa Jun 24 18:21:11 MESZ 2017]
INFORMATION: Apply Move [Sa Jun 24 18:21:11 MESZ 2017]
INFORMATION: 	getEntityAt XY [x=77, y=35] Entity [id=-1, type=, position=null, energy=0] [Sa Jun 24 18:21:11 MESZ 2017]
INFORMATION: 	move Entity [id=1753, type=BadBeast, position=XY [x=78, y=35], energy=-150] XY [x=77, y=35]  [Sa Jun 24 18:21:11 MESZ 2017]
INFORMATION: Apply  [Sa Jun 24 18:21:11 MESZ 2017]
INFORMATION: Apply Move [Sa Jun 24 18:21:11 MESZ 2017]
INFORMATION: 	getEntityAt XY [x=58, y=46] Entity [id=-1, type=, position=null, energy=0] [Sa Jun 24 18:21:11 MESZ 2017]
INFORMATION: 	move Entity [id=1757, type=BadBeast, position=XY [x=58, y=45], energy=-150] XY [x=58, y=46]  [Sa Jun 24 18:21:11 MESZ 2017]
INFORMATION: Apply  [Sa Jun 24 18:21:11 MESZ 2017]
INFORMATION: Apply  [Sa Jun 24 18:21:11 MESZ 2017]
INFORMATION: Apply  [Sa Jun 24 18:21:11 MESZ 2017]
INFORMATION: Apply  [Sa Jun 24 18:21:11 MESZ 2017]
INFORMATION: Apply  [Sa Jun 24 18:21:11 MESZ 2017]
INFORMATION: Apply  [Sa Jun 24 18:21:11 MESZ 2017]
INFORMATION: Apply  [Sa Jun 24 18:21:11 MESZ 2017]
INFORMATION: Apply  [Sa Jun 24 18:21:11 MESZ 2017]
INFORMATION: Apply  [Sa Jun 24 18:21:11 MESZ 2017]
INFORMATION: Apply  [Sa Jun 24 18:21:11 MESZ 2017]
INFORMATION: Apply  [Sa Jun 24 18:21:11 MESZ 2017]
INFORMATION: Apply  [Sa Jun 24 18:21:11 MESZ 2017]
INFORMATION: Apply  [Sa Jun 24 18:21:11 MESZ 2017]
INFORMATION: Apply  [Sa Jun 24 18:21:11 MESZ 2017]
INFORMATION: Apply  [Sa Jun 24 18:21:11 MESZ 2017]
INFORMATION: Apply  [Sa Jun 24 18:21:11 MESZ 2017]
INFORMATION: Apply  [Sa Jun 24 18:21:11 MESZ 2017]
INFORMATION: Apply  [Sa Jun 24 18:21:11 MESZ 2017]
INFORMATION: Apply  [Sa Jun 24 18:21:11 MESZ 2017]
INFORMATION: Apply  [Sa Jun 24 18:21:11 MESZ 2017]
INFORMATION: Apply  [Sa Jun 24 18:21:11 MESZ 2017]
INFORMATION: Apply Move [Sa Jun 24 18:21:11 MESZ 2017]
INFORMATION: 	getEntityAt XY [x=56, y=48] Entity [id=-1, type=, position=null, energy=0] [Sa Jun 24 18:21:11 MESZ 2017]
INFORMATION: 	move Entity [id=1765, type=BadBeast, position=XY [x=55, y=49], energy=-150] XY [x=56, y=48]  [Sa Jun 24 18:21:11 MESZ 2017]
INFORMATION: Apply  [Sa Jun 24 18:21:11 MESZ 2017]
INFORMATION: Apply  [Sa Jun 24 18:21:11 MESZ 2017]
INFORMATION: Apply  [Sa Jun 24 18:21:11 MESZ 2017]
INFORMATION: Apply  [Sa Jun 24 18:21:11 MESZ 2017]
INFORMATION: Apply  [Sa Jun 24 18:21:11 MESZ 2017]
INFORMATION: Apply  [Sa Jun 24 18:21:11 MESZ 2017]
INFORMATION: Apply  [Sa Jun 24 18:21:11 MESZ 2017]
INFORMATION: Apply  [Sa Jun 24 18:21:11 MESZ 2017]
INFORMATION: Apply  [Sa Jun 24 18:21:11 MESZ 2017]
INFORMATION: Apply  [Sa Jun 24 18:21:11 MESZ 2017]
INFORMATION: Apply  [Sa Jun 24 18:21:11 MESZ 2017]
INFORMATION: Apply  [Sa Jun 24 18:21:11 MESZ 2017]
INFORMATION: Apply  [Sa Jun 24 18:21:11 MESZ 2017]
INFORMATION: Apply  [Sa Jun 24 18:21:11 MESZ 2017]
INFORMATION: Apply  [Sa Jun 24 18:21:11 MESZ 2017]
INFORMATION: Apply  [Sa Jun 24 18:21:11 MESZ 2017]
INFORMATION: Apply  [Sa Jun 24 18:21:11 MESZ 2017]
INFORMATION: Apply  [Sa Jun 24 18:21:11 MESZ 2017]
INFORMATION: Apply  [Sa Jun 24 18:21:11 MESZ 2017]
INFORMATION: Apply  [Sa Jun 24 18:21:11 MESZ 2017]
INFORMATION: Apply  [Sa Jun 24 18:21:11 MESZ 2017]
INFORMATION: Apply  [Sa Jun 24 18:21:11 MESZ 2017]
INFORMATION: Apply  [Sa Jun 24 18:21:11 MESZ 2017]
INFORMATION: Apply  [Sa Jun 24 18:21:11 MESZ 2017]
INFORMATION: Apply  [Sa Jun 24 18:21:11 MESZ 2017]
INFORMATION: Apply  [Sa Jun 24 18:21:11 MESZ 2017]
INFORMATION: NPCs = 2ms PCs = 100ms [Sa Jun 24 18:21:11 MESZ 2017]
INFORMATION: Apply Move [Sa Jun 24 18:21:11 MESZ 2017]
INFORMATION: 	getEntityAt XY [x=31, y=48] Entity [id=-1, type=, position=null, energy=0] [Sa Jun 24 18:21:11 MESZ 2017]
INFORMATION: 1053. turn [Sa Jun 24 18:21:11 MESZ 2017]
INFORMATION: 	move Entity [id=1850, type=GoodBeast, position=XY [x=30, y=47], energy=200] XY [x=31, y=48]  [Sa Jun 24 18:21:11 MESZ 2017]
INFORMATION: Apply  [Sa Jun 24 18:21:11 MESZ 2017]
INFORMATION: Apply  [Sa Jun 24 18:21:11 MESZ 2017]
INFORMATION: Apply  [Sa Jun 24 18:21:11 MESZ 2017]
INFORMATION: Apply  [Sa Jun 24 18:21:11 MESZ 2017]
INFORMATION: Apply  [Sa Jun 24 18:21:11 MESZ 2017]
INFORMATION: Apply  [Sa Jun 24 18:21:11 MESZ 2017]
INFORMATION: Apply  [Sa Jun 24 18:21:11 MESZ 2017]
INFORMATION: Apply  [Sa Jun 24 18:21:11 MESZ 2017]
INFORMATION: Apply  [Sa Jun 24 18:21:11 MESZ 2017]
INFORMATION: Apply  [Sa Jun 24 18:21:11 MESZ 2017]
INFORMATION: Apply  [Sa Jun 24 18:21:11 MESZ 2017]
INFORMATION: Apply  [Sa Jun 24 18:21:11 MESZ 2017]
INFORMATION: Apply  [Sa Jun 24 18:21:11 MESZ 2017]
WARNUNG: FullFieldException of mini nextStep [Sa Jun 24 18:21:11 MESZ 2017]
WARNUNG: Position: XY [x=67, y=40] [Sa Jun 24 18:21:11 MESZ 2017]
INFORMATION: 	Update energy of Entity [id=1969, type=MiniSquirrelBot, position=XY [x=76, y=35], energy=2746] from 2747 to 2746 [Sa Jun 24 18:21:11 MESZ 2017]
INFORMATION: Apply Move [Sa Jun 24 18:21:11 MESZ 2017]
INFORMATION: 	getEntityAt XY [x=27, y=42] Entity [id=-1, type=, position=null, energy=0] [Sa Jun 24 18:21:11 MESZ 2017]
INFORMATION: 	move Entity [id=1, type=MasterSquirrelBot, position=XY [x=27, y=41], energy=0] XY [x=27, y=42]  [Sa Jun 24 18:21:11 MESZ 2017]
INFORMATION: Apply Move [Sa Jun 24 18:21:11 MESZ 2017]
WARNUNG: Destination: XY [x=61, y=46] [Sa Jun 24 18:21:11 MESZ 2017]
INFORMATION: 	getEntityAt XY [x=76, y=36] Entity [id=-1, type=, position=null, energy=0] [Sa Jun 24 18:21:11 MESZ 2017]
INFORMATION: 	move Entity [id=1969, type=MiniSquirrelBot, position=XY [x=76, y=35], energy=2746] XY [x=76, y=36]  [Sa Jun 24 18:21:11 MESZ 2017]
INFORMATION: 	Update energy of Entity [id=1921, type=MiniSquirrelBot, position=XY [x=78, y=31], energy=5050] from 5051 to 5050 [Sa Jun 24 18:21:11 MESZ 2017]
INFORMATION: 	Update energy of Entity [id=1976, type=MiniSquirrelBot, position=XY [x=57, y=47], energy=1576] from 1577 to 1576 [Sa Jun 24 18:21:11 MESZ 2017]
INFORMATION: 	Update energy of Entity [id=1985, type=MiniSquirrelBot, position=XY [x=67, y=40], energy=894] from 895 to 894 [Sa Jun 24 18:21:11 MESZ 2017]
INFORMATION: 	Update energy of Entity [id=1975, type=MiniSquirrelBot, position=XY [x=52, y=32], energy=474] from 475 to 474 [Sa Jun 24 18:21:11 MESZ 2017]
INFORMATION: Apply Move [Sa Jun 24 18:21:11 MESZ 2017]
INFORMATION: 	Update energy of Entity [id=1919, type=MiniSquirrelBot, position=XY [x=58, y=53], energy=3158] from 3159 to 3158 [Sa Jun 24 18:21:11 MESZ 2017]
INFORMATION: 	getEntityAt XY [x=79, y=30] Entity [id=-1, type=, position=null, energy=0] [Sa Jun 24 18:21:11 MESZ 2017]
INFORMATION: 	move Entity [id=1921, type=MiniSquirrelBot, position=XY [x=78, y=31], energy=5050] XY [x=79, y=30]  [Sa Jun 24 18:21:11 MESZ 2017]
INFORMATION: Apply Move [Sa Jun 24 18:21:11 MESZ 2017]
INFORMATION: 	getEntityAt XY [x=56, y=46] Entity [id=-1, type=, position=null, energy=0] [Sa Jun 24 18:21:11 MESZ 2017]
INFORMATION: 	move Entity [id=1976, type=MiniSquirrelBot, position=XY [x=57, y=47], energy=1576] XY [x=56, y=46]  [Sa Jun 24 18:21:11 MESZ 2017]
INFORMATION: Apply Move [Sa Jun 24 18:21:11 MESZ 2017]
INFORMATION: 	getEntityAt XY [x=52, y=33] Entity [id=-1, type=, position=null, energy=0] [Sa Jun 24 18:21:11 MESZ 2017]
INFORMATION: 	Update energy of Entity [id=1973, type=MiniSquirrelBot, position=XY [x=65, y=32], energy=770] from 771 to 770 [Sa Jun 24 18:21:11 MESZ 2017]
INFORMATION: 	move Entity [id=1975, type=MiniSquirrelBot, position=XY [x=52, y=32], energy=474] XY [x=52, y=33]  [Sa Jun 24 18:21:11 MESZ 2017]
INFORMATION: Apply Move [Sa Jun 24 18:21:11 MESZ 2017]
INFORMATION: 	getEntityAt XY [x=57, y=53] Entity [id=-1, type=, position=null, energy=0] [Sa Jun 24 18:21:11 MESZ 2017]
INFORMATION: 	move Entity [id=1919, type=MiniSquirrelBot, position=XY [x=58, y=53], energy=3158] XY [x=57, y=53]  [Sa Jun 24 18:21:11 MESZ 2017]
INFORMATION: Apply Move [Sa Jun 24 18:21:11 MESZ 2017]
INFORMATION: 	getEntityAt XY [x=64, y=32] Entity [id=-1, type=, position=null, energy=0] [Sa Jun 24 18:21:11 MESZ 2017]
INFORMATION: 	move Entity [id=1973, type=MiniSquirrelBot, position=XY [x=65, y=32], energy=770] XY [x=64, y=32]  [Sa Jun 24 18:21:11 MESZ 2017]
INFORMATION: Apply  [Sa Jun 24 18:21:11 MESZ 2017]
INFORMATION: Apply Move [Sa Jun 24 18:21:11 MESZ 2017]
INFORMATION: 	getEntityAt XY [x=61, y=53] Entity [id=-1, type=, position=null, energy=0] [Sa Jun 24 18:21:11 MESZ 2017]
INFORMATION: 	move Entity [id=1748, type=BadBeast, position=XY [x=62, y=53], energy=-150] XY [x=61, y=53]  [Sa Jun 24 18:21:11 MESZ 2017]
INFORMATION: Apply  [Sa Jun 24 18:21:11 MESZ 2017]
INFORMATION: Apply  [Sa Jun 24 18:21:11 MESZ 2017]
INFORMATION: Apply  [Sa Jun 24 18:21:11 MESZ 2017]
INFORMATION: Apply  [Sa Jun 24 18:21:11 MESZ 2017]
INFORMATION: Apply  [Sa Jun 24 18:21:11 MESZ 2017]
INFORMATION: Apply  [Sa Jun 24 18:21:11 MESZ 2017]
INFORMATION: Apply  [Sa Jun 24 18:21:11 MESZ 2017]
INFORMATION: Apply  [Sa Jun 24 18:21:11 MESZ 2017]
INFORMATION: Apply  [Sa Jun 24 18:21:11 MESZ 2017]
INFORMATION: Apply  [Sa Jun 24 18:21:11 MESZ 2017]
INFORMATION: Apply  [Sa Jun 24 18:21:11 MESZ 2017]
INFORMATION: Apply  [Sa Jun 24 18:21:11 MESZ 2017]
INFORMATION: Apply  [Sa Jun 24 18:21:11 MESZ 2017]
INFORMATION: Apply  [Sa Jun 24 18:21:11 MESZ 2017]
INFORMATION: Apply  [Sa Jun 24 18:21:11 MESZ 2017]
INFORMATION: Apply  [Sa Jun 24 18:21:11 MESZ 2017]
INFORMATION: Apply Move [Sa Jun 24 18:21:11 MESZ 2017]
INFORMATION: 	getEntityAt XY [x=60, y=46] Entity [id=-1, type=, position=null, energy=0] [Sa Jun 24 18:21:11 MESZ 2017]
INFORMATION: 	move Entity [id=1759, type=BadBeast, position=XY [x=61, y=46], energy=-150] XY [x=60, y=46]  [Sa Jun 24 18:21:11 MESZ 2017]
INFORMATION: Apply  [Sa Jun 24 18:21:11 MESZ 2017]
INFORMATION: Apply  [Sa Jun 24 18:21:11 MESZ 2017]
INFORMATION: Apply  [Sa Jun 24 18:21:11 MESZ 2017]
INFORMATION: Apply  [Sa Jun 24 18:21:11 MESZ 2017]
INFORMATION: Apply  [Sa Jun 24 18:21:11 MESZ 2017]
INFORMATION: Apply  [Sa Jun 24 18:21:11 MESZ 2017]
INFORMATION: Apply  [Sa Jun 24 18:21:11 MESZ 2017]
INFORMATION: Apply  [Sa Jun 24 18:21:11 MESZ 2017]
INFORMATION: Apply  [Sa Jun 24 18:21:11 MESZ 2017]
INFORMATION: Apply  [Sa Jun 24 18:21:11 MESZ 2017]
INFORMATION: Apply  [Sa Jun 24 18:21:11 MESZ 2017]
INFORMATION: Apply  [Sa Jun 24 18:21:11 MESZ 2017]
INFORMATION: Apply  [Sa Jun 24 18:21:11 MESZ 2017]
INFORMATION: Apply  [Sa Jun 24 18:21:11 MESZ 2017]
INFORMATION: Apply  [Sa Jun 24 18:21:11 MESZ 2017]
INFORMATION: Apply  [Sa Jun 24 18:21:11 MESZ 2017]
INFORMATION: Apply  [Sa Jun 24 18:21:11 MESZ 2017]
INFORMATION: Apply  [Sa Jun 24 18:21:11 MESZ 2017]
INFORMATION: Apply  [Sa Jun 24 18:21:11 MESZ 2017]
INFORMATION: Apply  [Sa Jun 24 18:21:11 MESZ 2017]
INFORMATION: Apply  [Sa Jun 24 18:21:11 MESZ 2017]
INFORMATION: Apply  [Sa Jun 24 18:21:11 MESZ 2017]
INFORMATION: Apply  [Sa Jun 24 18:21:11 MESZ 2017]
INFORMATION: Apply  [Sa Jun 24 18:21:11 MESZ 2017]
INFORMATION: Apply  [Sa Jun 24 18:21:11 MESZ 2017]
INFORMATION: Apply  [Sa Jun 24 18:21:11 MESZ 2017]
INFORMATION: Apply  [Sa Jun 24 18:21:11 MESZ 2017]
INFORMATION: Apply  [Sa Jun 24 18:21:11 MESZ 2017]
INFORMATION: Apply  [Sa Jun 24 18:21:11 MESZ 2017]
INFORMATION: Apply  [Sa Jun 24 18:21:11 MESZ 2017]
INFORMATION: Apply  [Sa Jun 24 18:21:11 MESZ 2017]
INFORMATION: Apply  [Sa Jun 24 18:21:11 MESZ 2017]
INFORMATION: Apply  [Sa Jun 24 18:21:11 MESZ 2017]
INFORMATION: Apply  [Sa Jun 24 18:21:11 MESZ 2017]
INFORMATION: Apply  [Sa Jun 24 18:21:11 MESZ 2017]
INFORMATION: Apply  [Sa Jun 24 18:21:11 MESZ 2017]
INFORMATION: Apply  [Sa Jun 24 18:21:11 MESZ 2017]
INFORMATION: Apply  [Sa Jun 24 18:21:11 MESZ 2017]
INFORMATION: Apply  [Sa Jun 24 18:21:11 MESZ 2017]
INFORMATION: Apply  [Sa Jun 24 18:21:11 MESZ 2017]
INFORMATION: Apply  [Sa Jun 24 18:21:11 MESZ 2017]
INFORMATION: Apply  [Sa Jun 24 18:21:11 MESZ 2017]
INFORMATION: Apply  [Sa Jun 24 18:21:11 MESZ 2017]
INFORMATION: Apply  [Sa Jun 24 18:21:11 MESZ 2017]
INFORMATION: Apply  [Sa Jun 24 18:21:11 MESZ 2017]
INFORMATION: Apply  [Sa Jun 24 18:21:11 MESZ 2017]
INFORMATION: Apply  [Sa Jun 24 18:21:11 MESZ 2017]
INFORMATION: Apply  [Sa Jun 24 18:21:11 MESZ 2017]
INFORMATION: Apply  [Sa Jun 24 18:21:11 MESZ 2017]
INFORMATION: NPCs = 3ms PCs = 100ms [Sa Jun 24 18:21:11 MESZ 2017]
INFORMATION: 1054. turn [Sa Jun 24 18:21:14 MESZ 2017]
INFORMATION: 	Update energy of Entity [id=1969, type=MiniSquirrelBot, position=XY [x=76, y=36], energy=2745] from 2746 to 2745 [Sa Jun 24 18:21:14 MESZ 2017]
INFORMATION: 	Update energy of Entity [id=1921, type=MiniSquirrelBot, position=XY [x=79, y=30], energy=5049] from 5050 to 5049 [Sa Jun 24 18:21:14 MESZ 2017]
INFORMATION: Apply Move [Sa Jun 24 18:21:14 MESZ 2017]
INFORMATION: 	getEntityAt XY [x=27, y=46] Entity [id=-1, type=, position=null, energy=0] [Sa Jun 24 18:21:14 MESZ 2017]
INFORMATION: 	move Entity [id=2, type=MasterSquirrelBot, position=XY [x=28, y=45], energy=755] XY [x=27, y=46]  [Sa Jun 24 18:21:14 MESZ 2017]
INFORMATION: Apply Move [Sa Jun 24 18:21:14 MESZ 2017]
INFORMATION: 	getEntityAt XY [x=77, y=37] Entity [id=-1, type=, position=null, energy=0] [Sa Jun 24 18:21:14 MESZ 2017]
INFORMATION: 	move Entity [id=1969, type=MiniSquirrelBot, position=XY [x=76, y=36], energy=2745] XY [x=77, y=37]  [Sa Jun 24 18:21:14 MESZ 2017]
INFORMATION: Apply Move [Sa Jun 24 18:21:14 MESZ 2017]
INFORMATION: 	Update energy of Entity [id=1976, type=MiniSquirrelBot, position=XY [x=56, y=46], energy=1575] from 1576 to 1575 [Sa Jun 24 18:21:14 MESZ 2017]
INFORMATION: 	Update energy of Entity [id=1975, type=MiniSquirrelBot, position=XY [x=52, y=33], energy=473] from 474 to 473 [Sa Jun 24 18:21:14 MESZ 2017]
INFORMATION: 	getEntityAt XY [x=79, y=29] Entity [id=-1, type=, position=null, energy=0] [Sa Jun 24 18:21:14 MESZ 2017]
INFORMATION: 	move Entity [id=1921, type=MiniSquirrelBot, position=XY [x=79, y=30], energy=5049] XY [x=79, y=29]  [Sa Jun 24 18:21:14 MESZ 2017]
INFORMATION: 	Update energy of Entity [id=1919, type=MiniSquirrelBot, position=XY [x=57, y=53], energy=3157] from 3158 to 3157 [Sa Jun 24 18:21:14 MESZ 2017]
INFORMATION: Apply Move [Sa Jun 24 18:21:14 MESZ 2017]
INFORMATION: 	getEntityAt XY [x=55, y=46] Entity [id=-1, type=, position=null, energy=0] [Sa Jun 24 18:21:14 MESZ 2017]
INFORMATION: 	move Entity [id=1976, type=MiniSquirrelBot, position=XY [x=56, y=46], energy=1575] XY [x=55, y=46]  [Sa Jun 24 18:21:14 MESZ 2017]
INFORMATION: Apply Move [Sa Jun 24 18:21:14 MESZ 2017]
INFORMATION: 	getEntityAt XY [x=52, y=32] Entity [id=-1, type=, position=null, energy=0] [Sa Jun 24 18:21:14 MESZ 2017]
INFORMATION: 	Update energy of Entity [id=1985, type=MiniSquirrelBot, position=XY [x=67, y=40], energy=893] from 894 to 893 [Sa Jun 24 18:21:14 MESZ 2017]
INFORMATION: 	Update energy of Entity [id=1973, type=MiniSquirrelBot, position=XY [x=64, y=32], energy=769] from 770 to 769 [Sa Jun 24 18:21:14 MESZ 2017]
INFORMATION: 	move Entity [id=1975, type=MiniSquirrelBot, position=XY [x=52, y=33], energy=473] XY [x=52, y=32]  [Sa Jun 24 18:21:14 MESZ 2017]
INFORMATION: Apply Move [Sa Jun 24 18:21:14 MESZ 2017]
INFORMATION: 	getEntityAt XY [x=56, y=53] Entity [id=-1, type=, position=null, energy=0] [Sa Jun 24 18:21:14 MESZ 2017]
INFORMATION: 	move Entity [id=1919, type=MiniSquirrelBot, position=XY [x=57, y=53], energy=3157] XY [x=56, y=53]  [Sa Jun 24 18:21:14 MESZ 2017]
INFORMATION: Apply Move [Sa Jun 24 18:21:14 MESZ 2017]
INFORMATION: 	getEntityAt XY [x=68, y=41] Entity [id=-1, type=, position=null, energy=0] [Sa Jun 24 18:21:14 MESZ 2017]
INFORMATION: 	move Entity [id=1985, type=MiniSquirrelBot, position=XY [x=67, y=40], energy=893] XY [x=68, y=41]  [Sa Jun 24 18:21:14 MESZ 2017]
INFORMATION: Apply Move [Sa Jun 24 18:21:14 MESZ 2017]
INFORMATION: 	getEntityAt XY [x=65, y=32] Entity [id=-1, type=, position=null, energy=0] [Sa Jun 24 18:21:14 MESZ 2017]
INFORMATION: 	move Entity [id=1973, type=MiniSquirrelBot, position=XY [x=64, y=32], energy=769] XY [x=65, y=32]  [Sa Jun 24 18:21:14 MESZ 2017]
INFORMATION: Apply  [Sa Jun 24 18:21:14 MESZ 2017]
INFORMATION: Apply  [Sa Jun 24 18:21:14 MESZ 2017]
INFORMATION: Apply  [Sa Jun 24 18:21:14 MESZ 2017]
INFORMATION: Apply  [Sa Jun 24 18:21:14 MESZ 2017]
INFORMATION: Apply  [Sa Jun 24 18:21:14 MESZ 2017]
INFORMATION: Apply  [Sa Jun 24 18:21:14 MESZ 2017]
INFORMATION: Apply  [Sa Jun 24 18:21:14 MESZ 2017]
INFORMATION: Apply  [Sa Jun 24 18:21:14 MESZ 2017]
INFORMATION: Apply Move [Sa Jun 24 18:21:14 MESZ 2017]
INFORMATION: 	getEntityAt XY [x=67, y=42] Entity [id=-1, type=, position=null, energy=0] [Sa Jun 24 18:21:14 MESZ 2017]
INFORMATION: 	move Entity [id=1764, type=BadBeast, position=XY [x=66, y=42], energy=-150] XY [x=67, y=42]  [Sa Jun 24 18:21:14 MESZ 2017]
INFORMATION: Apply  [Sa Jun 24 18:21:14 MESZ 2017]
INFORMATION: Apply  [Sa Jun 24 18:21:14 MESZ 2017]
INFORMATION: Apply  [Sa Jun 24 18:21:14 MESZ 2017]
INFORMATION: Apply  [Sa Jun 24 18:21:14 MESZ 2017]
INFORMATION: Apply  [Sa Jun 24 18:21:14 MESZ 2017]
INFORMATION: Apply  [Sa Jun 24 18:21:14 MESZ 2017]
INFORMATION: Apply  [Sa Jun 24 18:21:14 MESZ 2017]
INFORMATION: Apply  [Sa Jun 24 18:21:14 MESZ 2017]
INFORMATION: Apply  [Sa Jun 24 18:21:14 MESZ 2017]
INFORMATION: Apply  [Sa Jun 24 18:21:14 MESZ 2017]
INFORMATION: Apply  [Sa Jun 24 18:21:14 MESZ 2017]
INFORMATION: Apply  [Sa Jun 24 18:21:14 MESZ 2017]
INFORMATION: Apply  [Sa Jun 24 18:21:14 MESZ 2017]
INFORMATION: Apply Move [Sa Jun 24 18:21:14 MESZ 2017]
INFORMATION: 	getEntityAt XY [x=53, y=42] Entity [id=1212, type=Wall, position=XY [x=53, y=42], energy=-10] [Sa Jun 24 18:21:14 MESZ 2017]
INFORMATION: Apply Collision [Sa Jun 24 18:21:14 MESZ 2017]
INFORMATION: Apply  [Sa Jun 24 18:21:14 MESZ 2017]
INFORMATION: Apply  [Sa Jun 24 18:21:14 MESZ 2017]
INFORMATION: Apply  [Sa Jun 24 18:21:14 MESZ 2017]
INFORMATION: Apply  [Sa Jun 24 18:21:14 MESZ 2017]
INFORMATION: Apply  [Sa Jun 24 18:21:14 MESZ 2017]
INFORMATION: Apply  [Sa Jun 24 18:21:14 MESZ 2017]
INFORMATION: Apply  [Sa Jun 24 18:21:14 MESZ 2017]
INFORMATION: Apply  [Sa Jun 24 18:21:14 MESZ 2017]
INFORMATION: Apply  [Sa Jun 24 18:21:14 MESZ 2017]
INFORMATION: Apply  [Sa Jun 24 18:21:14 MESZ 2017]
INFORMATION: Apply  [Sa Jun 24 18:21:14 MESZ 2017]
INFORMATION: Apply  [Sa Jun 24 18:21:14 MESZ 2017]
INFORMATION: Apply  [Sa Jun 24 18:21:14 MESZ 2017]
INFORMATION: Apply  [Sa Jun 24 18:21:14 MESZ 2017]
INFORMATION: Apply  [Sa Jun 24 18:21:14 MESZ 2017]
INFORMATION: Apply  [Sa Jun 24 18:21:14 MESZ 2017]
INFORMATION: Apply  [Sa Jun 24 18:21:14 MESZ 2017]
INFORMATION: Apply  [Sa Jun 24 18:21:14 MESZ 2017]
INFORMATION: Apply  [Sa Jun 24 18:21:14 MESZ 2017]
INFORMATION: Apply  [Sa Jun 24 18:21:14 MESZ 2017]
INFORMATION: Apply  [Sa Jun 24 18:21:14 MESZ 2017]
INFORMATION: Apply  [Sa Jun 24 18:21:14 MESZ 2017]
INFORMATION: Apply  [Sa Jun 24 18:21:14 MESZ 2017]
INFORMATION: Apply  [Sa Jun 24 18:21:14 MESZ 2017]
INFORMATION: Apply  [Sa Jun 24 18:21:14 MESZ 2017]
INFORMATION: Apply  [Sa Jun 24 18:21:14 MESZ 2017]
INFORMATION: Apply  [Sa Jun 24 18:21:14 MESZ 2017]
INFORMATION: Apply  [Sa Jun 24 18:21:14 MESZ 2017]
INFORMATION: Apply  [Sa Jun 24 18:21:14 MESZ 2017]
INFORMATION: Apply  [Sa Jun 24 18:21:14 MESZ 2017]
INFORMATION: Apply  [Sa Jun 24 18:21:14 MESZ 2017]
INFORMATION: Apply  [Sa Jun 24 18:21:14 MESZ 2017]
INFORMATION: Apply  [Sa Jun 24 18:21:14 MESZ 2017]
INFORMATION: Apply  [Sa Jun 24 18:21:14 MESZ 2017]
INFORMATION: Apply  [Sa Jun 24 18:21:14 MESZ 2017]
INFORMATION: Apply  [Sa Jun 24 18:21:14 MESZ 2017]
INFORMATION: Apply  [Sa Jun 24 18:21:14 MESZ 2017]
INFORMATION: Apply  [Sa Jun 24 18:21:14 MESZ 2017]
INFORMATION: Apply  [Sa Jun 24 18:21:14 MESZ 2017]
INFORMATION: Apply  [Sa Jun 24 18:21:14 MESZ 2017]
INFORMATION: Apply  [Sa Jun 24 18:21:14 MESZ 2017]
INFORMATION: Apply  [Sa Jun 24 18:21:14 MESZ 2017]
INFORMATION: Apply  [Sa Jun 24 18:21:14 MESZ 2017]
INFORMATION: Apply Move [Sa Jun 24 18:21:14 MESZ 2017]
INFORMATION: 	getEntityAt XY [x=30, y=49] Entity [id=-1, type=, position=null, energy=0] [Sa Jun 24 18:21:14 MESZ 2017]
INFORMATION: 	move Entity [id=1848, type=GoodBeast, position=XY [x=29, y=48], energy=200] XY [x=30, y=49]  [Sa Jun 24 18:21:14 MESZ 2017]
INFORMATION: NPCs = 2ms PCs = 99ms [Sa Jun 24 18:21:14 MESZ 2017]
INFORMATION: Apply  [Sa Jun 24 18:21:14 MESZ 2017]
INFORMATION: Apply  [Sa Jun 24 18:21:14 MESZ 2017]
